<?xml version="1.0" encoding="UTF-8"?>
<!-- Generated by org.testng.reporters.JUnitReportReporter -->
<testsuite skipped="0" hostname="DESKTOP-FF1NHT0" name="org.testprallel.MultiBrowser" tests="3" failures="0" timestamp="10 May 2020 13:08:43 GMT" time="70.567" errors="0">
  <testcase name="test2" time="36.291" classname="org.testprallel.MultiBrowser"/>
  <testcase name="test3" time="2.436" classname="org.testprallel.MultiBrowser"/>
  <testcase name="test1" time="31.840" classname="org.testprallel.MultiBrowser"/>
</testsuite> <!-- org.testprallel.MultiBrowser -->
