<?xml version="1.0" encoding="UTF-8"?>
<!-- Generated by org.testng.reporters.JUnitReportReporter -->
<testsuite skipped="0" hostname="DESKTOP-FF1NHT0" name="org.testprallel.ClassLevelExe2" tests="2" failures="0" timestamp="10 May 2020 06:06:52 GMT" time="0.019" errors="0">
  <testcase name="test2" time="0.000" classname="org.testprallel.ClassLevelExe2"/>
  <testcase name="test1" time="0.019" classname="org.testprallel.ClassLevelExe2"/>
</testsuite> <!-- org.testprallel.ClassLevelExe2 -->
