<?xml version="1.0" encoding="UTF-8"?>
<!-- Generated by org.testng.reporters.JUnitReportReporter -->
<testsuite skipped="0" hostname="DESKTOP-FF1NHT0" name="org.testprallel.GroupingTestCase" tests="2" failures="0" timestamp="11 May 2020 05:14:09 GMT" time="0.020" errors="0">
  <testcase name="test1" time="0.018" classname="org.testprallel.GroupingTestCase"/>
  <testcase name="test2" time="0.002" classname="org.testprallel.GroupingTestCase"/>
</testsuite> <!-- org.testprallel.GroupingTestCase -->
