<?xml version="1.0" encoding="UTF-8"?>
<!-- Generated by org.testng.reporters.JUnitReportReporter -->
<testsuite skipped="0" hostname="DESKTOP-FF1NHT0" name="org.testprallel.TestCaseLevel" tests="3" failures="0" timestamp="10 May 2020 11:35:00 GMT" time="36.436" errors="0">
  <testcase name="test" time="10.627" classname="org.testprallel.TestCaseLevel"/>
  <testcase name="test" time="2.552" classname="org.testprallel.TestCaseLevel"/>
  <testcase name="test" time="23.257" classname="org.testprallel.TestCaseLevel"/>
</testsuite> <!-- org.testprallel.TestCaseLevel -->
