<?xml version="1.0" encoding="UTF-8"?>
<!-- Generated by org.testng.reporters.JUnitReportReporter -->
<testsuite skipped="0" hostname="DESKTOP-FF1NHT0" name="org.testprallel.MethodLevelExec" tests="4" failures="0" timestamp="10 May 2020 05:00:30 GMT" time="0.040" errors="0">
  <testcase name="test2" time="0.016" classname="org.testprallel.MethodLevelExec"/>
  <testcase name="test1" time="0.016" classname="org.testprallel.MethodLevelExec"/>
  <testcase name="test4" time="0.004" classname="org.testprallel.MethodLevelExec"/>
  <testcase name="test3" time="0.004" classname="org.testprallel.MethodLevelExec"/>
</testsuite> <!-- org.testprallel.MethodLevelExec -->
